Log file created at: /Users/madnanrizqu/Code/Research/learn/thesis/rq2/logs/run_all_20250920_184805.log

--- CONFIGURATION SETTINGS ---
LLM_TO_USE: OPEN_LLM
RATIO_OF_ROWS_TO_RUN: 0.5
REATTEMPT_MAX_NUM: 5
RESULT_DIR_NAME: results_OPEN_LLM_0.5_ROWS_0.5_TD_PUBLIC_5_REATTEMPT
TEST_DRIVEN_RATIO: 0.5
----------------------------

Starting rq2/run_all.py in GENERATE-AND-TEST mode
Found 2 subdirectories to process: ['human_eval_qwen25coder14b', 'human_eval_qwen25coder14b_second_half']
Using 2 parallel workers
Starting parallel processing of 2 subdirectories
Processing: human_eval_qwen25coder14b
Running get_solution.py for human_eval_qwen25coder14b
Processing: human_eval_qwen25coder14b_second_half
Running get_solution.py for human_eval_qwen25coder14b_second_half
Starting: get_solution.py
Starting: get_solution.py
Completed: get_solution.py (15.9s)
Running test_solution.py for human_eval_qwen25coder14b_second_half
Starting: test_solution.py
Completed: test_solution.py (1.6s)
Completed human_eval_qwen25coder14b_second_half. Progress: 1/2 subdirectories completed (50.0%)
Completed: get_solution.py (286.6s)
Running test_solution.py for human_eval_qwen25coder14b
Starting: test_solution.py
Error running test_solution.py: Command '['/opt/homebrew/anaconda3/envs/tdd_llm/bin/python', '/Users/madnanrizqu/Code/Research/learn/thesis/rq2/human_eval_qwen25coder14b/test_solution.py']' died with <Signals.SIGINT: 2>.

--- STDOUT before failure ---
Reading solutions from /Users/madnanrizqu/Code/Research/learn/thesis/rq2/human_eval_qwen25coder14b/results_QWEN_14B_CODER_0.5_ROWS_0.5_TD_PUBLIC_5_REATTEMPT/human_eval_qwen25coder14b_solution.json
Found 82 solutions to format
Formatted solution 1/82 for task ID 0
Formatted solution 2/82 for task ID 1
Formatted solution 3/82 for task ID 2
Formatted solution 4/82 for task ID 3
Formatted solution 5/82 for task ID 4
Formatted solution 6/82 for task ID 5
Formatted solution 7/82 for task ID 6
Formatted solution 8/82 for task ID 7
Formatted solution 9/82 for task ID 8
Formatted solution 10/82 for task ID 9
Formatted solution 11/82 for task ID 10
Formatted solution 12/82 for task ID 11
Formatted solution 13/82 for task ID 12
Formatted solution 14/82 for task ID 13
Formatted solution 15/82 for task ID 14
Formatted solution 16/82 for task ID 15
Formatted solution 17/82 for task ID 16
Formatted solution 18/82 for task ID 17
Formatted solution 19/82 for task ID 18
Formatted solution 20/82 for task ID 19
Formatted solution 21/82 for task ID 20
Formatted solution 22/82 for task ID 21
Formatted solution 23/82 for task ID 22
Formatted solution 24/82 for task ID 23
Formatted solution 25/82 for task ID 24
Formatted solution 26/82 for task ID 25
Formatted solution 27/82 for task ID 26
Formatted solution 28/82 for task ID 27
Formatted solution 29/82 for task ID 28
Formatted solution 30/82 for task ID 29
Formatted solution 31/82 for task ID 30
Formatted solution 32/82 for task ID 31
Formatted solution 33/82 for task ID 32
Formatted solution 34/82 for task ID 33
Formatted solution 35/82 for task ID 34
Formatted solution 36/82 for task ID 35
Formatted solution 37/82 for task ID 36
Formatted solution 38/82 for task ID 37
Formatted solution 39/82 for task ID 38
Formatted solution 40/82 for task ID 39
Formatted solution 41/82 for task ID 40
Formatted solution 42/82 for task ID 41
Formatted solution 43/82 for task ID 42
Formatted solution 44/82 for task ID 43
Formatted solution 45/82 for task ID 44
Formatted solution 46/82 for task ID 45
Formatted solution 47/82 for task ID 46
Formatted solution 48/82 for task ID 47
Formatted solution 49/82 for task ID 48
Formatted solution 50/82 for task ID 49
Formatted solution 51/82 for task ID 50
Formatted solution 52/82 for task ID 51
Formatted solution 53/82 for task ID 52
Formatted solution 54/82 for task ID 53
Formatted solution 55/82 for task ID 54
Formatted solution 56/82 for task ID 55
Formatted solution 57/82 for task ID 56
Formatted solution 58/82 for task ID 57
Formatted solution 59/82 for task ID 58
Formatted solution 60/82 for task ID 59
Formatted solution 61/82 for task ID 60
Formatted solution 62/82 for task ID 61
Formatted solution 63/82 for task ID 62
Formatted solution 64/82 for task ID 63
Formatted solution 65/82 for task ID 64
Formatted solution 66/82 for task ID 65
Formatted solution 67/82 for task ID 66
Formatted solution 68/82 for task ID 67
Formatted solution 69/82 for task ID 68
Formatted solution 70/82 for task ID 69
Formatted solution 71/82 for task ID 70
Formatted solution 72/82 for task ID 71
Formatted solution 73/82 for task ID 72
Formatted solution 74/82 for task ID 73
Formatted solution 75/82 for task ID 74
Formatted solution 76/82 for task ID 75
Formatted solution 77/82 for task ID 76
Formatted solution 78/82 for task ID 77
Formatted solution 79/82 for task ID 78
Formatted solution 80/82 for task ID 79
Formatted solution 81/82 for task ID 80
Formatted solution 82/82 for task ID 81
Formatted solutions written to /Users/madnanrizqu/Code/Research/learn/thesis/rq2/human_eval_qwen25coder14b/results_QWEN_14B_CODER_0.5_ROWS_0.5_TD_PUBLIC_5_REATTEMPT/human_eval_qwen25coder14b_solution_formatted.json
Using temp directory: /Users/madnanrizqu/Code/Research/learn/thesis/languages/python/human_eval_qwen25coder14b_1758383573659924
Test run for task: 0

Processing task: 0
LLM: Qwen/Qwen2.5-Coder-14B-Instruct
Passed
Test run for task: 1

Processing task: 1
LLM: Qwen/Qwen2.5-Coder-14B-Instruct
Passed
Test run for task: 2

Processing task: 2
LLM: Qwen/Qwen2.5-Coder-14B-Instruct
Execution fail attempt no:  1
Remediation message:  Traceback (most recent call last):
  File "/Users/madnanrizqu/Code/Research/learn/thesis/languages/python/human_eval_qwen25coder14b_1758383573659924/llm_output_test.py", line 8, in <module>
    check(truncate_number)
  File "/Users/madnanrizqu/Code/Research/learn/thesis/languages/python/human_eval_qwen25coder14b_1758383573659924/llm_output_test.py", line 4, in check
    assert candidate(3.5) == 0.5
           ^^^^^^^^^^^^^^^^^^^^^
AssertionError

Fail

Solving row id 2...
Calling model Qwen/Qwen2.5-Coder-14B-Instruct...
Using parameters: temperature: 0, seed: 1000
Timeout: 150 seconds
Success! API Response time: 11.61 seconds
Error formatting solution attempt no: 2
Remediation message:  Warning: Code markers not found in code block

Solving row id 2...
Calling model Qwen/Qwen2.5-Coder-14B-Instruct...
Using parameters: temperature: 0, seed: 1000
Timeout: 150 seconds
Success! API Response time: 1.08 seconds
Test run for task: 2

Processing task: 2
LLM: Qwen/Qwen2.5-Coder-14B-Instruct
Execution fail attempt no:  3
Remediation message:  Traceback (most recent call last):
  File "/Users/madnanrizqu/Code/Research/learn/thesis/languages/python/human_eval_qwen25coder14b_1758383573659924/llm_output_test.py", line 8, in <module>
    check(truncate_number)
  File "/Users/madnanrizqu/Code/Research/learn/thesis/languages/python/human_eval_qwen25coder14b_1758383573659924/llm_output_test.py", line 4, in check
    assert candidate(3.5) == 0.5
           ^^^^^^^^^^^^^^^^^^^^^
AssertionError

Fail

Solving row id 2...
Calling model Qwen/Qwen2.5-Coder-14B-Instruct...
Using parameters: temperature: 0, seed: 1000
Timeout: 150 seconds
Success! API Response time: 0.94 seconds
Error formatting solution attempt no: 4
Remediation message:  Warning: Code markers not found in code block

Solving row id 2...
Calling model Qwen/Qwen2.5-Coder-14B-Instruct...
Using parameters: temperature: 0, seed: 1000
Timeout: 150 seconds
Success! API Response time: 0.86 seconds
Error formatting solution attempt no: 5
Remediation message:  Warning: Code markers not found in code block
Test run for task: 3

Processing task: 3
LLM: Qwen/Qwen2.5-Coder-14B-Instruct
Passed
Test run for task: 4

Processing task: 4
LLM: Qwen/Qwen2.5-Coder-14B-Instruct
Passed
Test run for task: 5

Processing task: 5
LLM: Qwen/Qwen2.5-Coder-14B-Instruct
Passed
Test run for task: 6

Processing task: 6
LLM: Qwen/Qwen2.5-Coder-14B-Instruct
Passed
Test run for task: 7

Processing task: 7
LLM: Qwen/Qwen2.5-Coder-14B-Instruct
Passed
Test run for task: 8

Processing task: 8
LLM: Qwen/Qwen2.5-Coder-14B-Instruct
Passed
Test run for task: 9

Processing task: 9
LLM: Qwen/Qwen2.5-Coder-14B-Instruct
Passed
Test run for task: 10

Processing task: 10
LLM: Qwen/Qwen2.5-Coder-14B-Instruct
Execution fail attempt no:  1
Remediation message:  Traceback (most recent call last):
  File "/Users/madnanrizqu/Code/Research/learn/thesis/languages/python/human_eval_qwen25coder14b_1758383573659924/llm_output_test.py", line 10, in <module>
    check(make_palindrome)
  File "/Users/madnanrizqu/Code/Research/learn/thesis/languages/python/human_eval_qwen25coder14b_1758383573659924/llm_output_test.py", line 5, in check
    assert candidate('x') == 'x'
           ^^^^^^^^^^^^^^^^^^^^^
AssertionError

Fail

Solving row id 10...
Calling model Qwen/Qwen2.5-Coder-14B-Instruct...
Using parameters: temperature: 0, seed: 1000
Timeout: 150 seconds
Success! API Response time: 3.82 seconds
Error formatting solution attempt no: 2
Remediation message:  Warning: Code markers not found in code block

Solving row id 10...
Calling model Qwen/Qwen2.5-Coder-14B-Instruct...
Using parameters: temperature: 0, seed: 1000
Timeout: 150 seconds
Success! API Response time: 3.67 seconds
Test run for task: 10

Processing task: 10
LLM: Qwen/Qwen2.5-Coder-14B-Instruct
Execution fail attempt no:  3
Remediation message:  Traceback (most recent call last):
  File "/Users/madnanrizqu/Code/Research/learn/thesis/languages/python/human_eval_qwen25coder14b_1758383573659924/llm_output_test.py", line 10, in <module>
    check(make_palindrome)
  File "/Users/madnanrizqu/Code/Research/learn/thesis/languages/python/human_eval_qwen25coder14b_1758383573659924/llm_output_test.py", line 5, in check
    assert candidate('x') == 'x'
           ^^^^^^^^^^^^^^^^^^^^^
AssertionError

Fail

Solving row id 10...
Calling model Qwen/Qwen2.5-Coder-14B-Instruct...
Using parameters: temperature: 0, seed: 1000
Timeout: 150 seconds
Success! API Response time: 3.39 seconds
Error formatting solution attempt no: 4
Remediation message:  Warning: Code markers not found in code block

Solving row id 10...
Calling model Qwen/Qwen2.5-Coder-14B-Instruct...
Using parameters: temperature: 0, seed: 1000
Timeout: 150 seconds
Success! API Response time: 3.39 seconds
Error formatting solution attempt no: 5
Remediation message:  Warning: Code markers not found in code block
Test run for task: 11

Processing task: 11
LLM: Qwen/Qwen2.5-Coder-14B-Instruct
Passed
Test run for task: 12

Processing task: 12
LLM: Qwen/Qwen2.5-Coder-14B-Instruct
Passed
Test run for task: 13

Processing task: 13
LLM: Qwen/Qwen2.5-Coder-14B-Instruct
Passed
Test run for task: 14

Processing task: 14
LLM: Qwen/Qwen2.5-Coder-14B-Instruct
Passed
Test run for task: 15

Processing task: 15
LLM: Qwen/Qwen2.5-Coder-14B-Instruct
Passed
Test run for task: 16

Processing task: 16
LLM: Qwen/Qwen2.5-Coder-14B-Instruct
Passed
Test run for task: 17
Compile Fail: LLM file
Preparation fail attempt no:  1
Remediation message:  Traceback (most recent call last):
  File "/Users/madnanrizqu/Code/Research/learn/thesis/languages/python/human_eval_qwen25coder14b_1758383573659924/llm_output.py", line 1, in <module>
    def parse_music(music_string: str) -> List[int]:
                                          ^^^^
NameError: name 'List' is not defined. Did you mean: 'list'?


Solving row id 17...
Calling model Qwen/Qwen2.5-Coder-14B-Instruct...
Using parameters: temperature: 0, seed: 1000
Timeout: 150 seconds
Success! API Response time: 6.60 seconds
Test run for task: 17

Processing task: 17
LLM: Qwen/Qwen2.5-Coder-14B-Instruct
Execution fail attempt no:  2
Remediation message:  Traceback (most recent call last):
  File "/Users/madnanrizqu/Code/Research/learn/thesis/languages/python/human_eval_qwen25coder14b_1758383573659924/llm_output_test.py", line 10, in <module>
    check(parse_music)
  File "/Users/madnanrizqu/Code/Research/learn/thesis/languages/python/human_eval_qwen25coder14b_1758383573659924/llm_output_test.py", line 5, in check
    assert candidate('o o o o') == [4, 4, 4, 4]
           ^^^^^^^^^^^^^^^^^^^^^^^^^^^^^^^^^^^^
AssertionError

Fail

Solving row id 17...
Calling model Qwen/Qwen2.5-Coder-14B-Instruct...
Using parameters: temperature: 0, seed: 1000
Timeout: 150 seconds
Success! API Response time: 6.39 seconds
Error formatting solution attempt no: 3
Remediation message:  Warning: Code markers not found in code block

Solving row id 17...
Calling model Qwen/Qwen2.5-Coder-14B-Instruct...
Using parameters: temperature: 0, seed: 1000
Timeout: 150 seconds
Success! API Response time: 5.86 seconds
Error formatting solution attempt no: 4
Remediation message:  Warning: Code markers not found in code block

Solving row id 17...
Calling model Qwen/Qwen2.5-Coder-14B-Instruct...
Using parameters: temperature: 0, seed: 1000
Timeout: 150 seconds
Success! API Response time: 5.85 seconds
Error formatting solution attempt no: 5
Remediation message:  Warning: Code markers not found in code block
Test run for task: 18

Processing task: 18
LLM: Qwen/Qwen2.5-Coder-14B-Instruct
Passed
Test run for task: 19

Processing task: 19
LLM: Qwen/Qwen2.5-Coder-14B-Instruct
Passed
Test run for task: 20

Processing task: 20
LLM: Qwen/Qwen2.5-Coder-14B-Instruct
Passed
Test run for task: 21

Processing task: 21
LLM: Qwen/Qwen2.5-Coder-14B-Instruct
Passed
Test run for task: 22

Processing task: 22
LLM: Qwen/Qwen2.5-Coder-14B-Instruct
Passed
Test run for task: 23

Processing task: 23
LLM: Qwen/Qwen2.5-Coder-14B-Instruct
Passed
Test run for task: 24

Processing task: 24
LLM: Qwen/Qwen2.5-Coder-14B-Instruct
Passed
Test run for task: 25

Processing task: 25
LLM: Qwen/Qwen2.5-Coder-14B-Instruct
Passed
Test run for task: 26

Processing task: 26
LLM: Qwen/Qwen2.5-Coder-14B-Instruct
Passed
Test run for task: 27

Processing task: 27
LLM: Qwen/Qwen2.5-Coder-14B-Instruct
Passed
Test run for task: 28

Processing task: 28
LLM: Qwen/Qwen2.5-Coder-14B-Instruct
Passed
Test run for task: 29

Processing task: 29
LLM: Qwen/Qwen2.5-Coder-14B-Instruct
Passed
Test run for task: 30

Processing task: 30
LLM: Qwen/Qwen2.5-Coder-14B-Instruct
Passed
Test run for task: 31

Processing task: 31
LLM: Qwen/Qwen2.5-Coder-14B-Instruct
Passed
Test run for task: 32

Processing task: 32
LLM: Qwen/Qwen2.5-Coder-14B-Instruct
Execution fail attempt no:  1
Remediation message:  Traceback (most recent call last):
  File "/Users/madnanrizqu/Code/Research/learn/thesis/languages/python/human_eval_qwen25coder14b_1758383573659924/llm_output_test.py", line 20, in <module>
    check(poly)
  File "/Users/madnanrizqu/Code/Research/learn/thesis/languages/python/human_eval_qwen25coder14b_1758383573659924/llm_output_test.py", line 16, in check
    solution = candidate(copy.deepcopy(coeffs))
               ^^^^^^^^^^^^^^^^^^^^^^^^^^^^^^^^
TypeError: poly() missing 1 required positional argument: 'x'

Error

Solving row id 32...
Calling model Qwen/Qwen2.5-Coder-14B-Instruct...
Using parameters: temperature: 0, seed: 1000
Timeout: 150 seconds
Success! API Response time: 6.92 seconds
Test run for task: 32

Processing task: 32
LLM: Qwen/Qwen2.5-Coder-14B-Instruct
Execution fail attempt no:  2
Remediation message:  Traceback (most recent call last):
  File "/Users/madnanrizqu/Code/Research/learn/thesis/languages/python/human_eval_qwen25coder14b_1758383573659924/llm_output_test.py", line 20, in <module>
    check(poly)
  File "/Users/madnanrizqu/Code/Research/learn/thesis/languages/python/human_eval_qwen25coder14b_1758383573659924/llm_output_test.py", line 16, in check
    solution = candidate(copy.deepcopy(coeffs))
               ^^^^^^^^^^^^^^^^^^^^^^^^^^^^^^^^
TypeError: poly() missing 1 required positional argument: 'x'

Error

Solving row id 32...
Calling model Qwen/Qwen2.5-Coder-14B-Instruct...
Using parameters: temperature: 0, seed: 1000
Timeout: 150 seconds
Success! API Response time: 4.05 seconds
Test run for task: 32

Processing task: 32
LLM: Qwen/Qwen2.5-Coder-14B-Instruct
Execution fail attempt no:  3
Remediation message:  Traceback (most recent call last):
  File "/Users/madnanrizqu/Code/Research/learn/thesis/languages/python/human_eval_qwen25coder14b_1758383573659924/llm_output_test.py", line 20, in <module>
    check(poly)
  File "/Users/madnanrizqu/Code/Research/learn/thesis/languages/python/human_eval_qwen25coder14b_1758383573659924/llm_output_test.py", line 16, in check
    solution = candidate(copy.deepcopy(coeffs))
               ^^^^^^^^^^^^^^^^^^^^^^^^^^^^^^^^
TypeError: poly() missing 1 required positional argument: 'x'

Error

Solving row id 32...
Calling model Qwen/Qwen2.5-Coder-14B-Instruct...
Using parameters: temperature: 0, seed: 1000
Timeout: 150 seconds
Success! API Response time: 3.85 seconds
Error formatting solution attempt no: 4
Remediation message:  Warning: Code markers not found in code block

Solving row id 32...
Calling model Qwen/Qwen2.5-Coder-14B-Instruct...
Using parameters: temperature: 0, seed: 1000
Timeout: 150 seconds
Success! API Response time: 4.04 seconds
Test run for task: 32

Processing task: 32
LLM: Qwen/Qwen2.5-Coder-14B-Instruct
Execution fail attempt no:  5
Remediation message:  Traceback (most recent call last):
  File "/Users/madnanrizqu/Code/Research/learn/thesis/languages/python/human_eval_qwen25coder14b_1758383573659924/llm_output_test.py", line 20, in <module>
    check(poly)
  File "/Users/madnanrizqu/Code/Research/learn/thesis/languages/python/human_eval_qwen25coder14b_1758383573659924/llm_output_test.py", line 16, in check
    solution = candidate(copy.deepcopy(coeffs))
               ^^^^^^^^^^^^^^^^^^^^^^^^^^^^^^^^
TypeError: poly() missing 1 required positional argument: 'x'

Error
Test run for task: 33

Processing task: 33
LLM: Qwen/Qwen2.5-Coder-14B-Instruct
Passed
Test run for task: 34

Processing task: 34
LLM: Qwen/Qwen2.5-Coder-14B-Instruct
Passed
Test run for task: 35

Processing task: 35
LLM: Qwen/Qwen2.5-Coder-14B-Instruct
Passed
Test run for task: 36

Processing task: 36
LLM: Qwen/Qwen2.5-Coder-14B-Instruct
Passed
Test run for task: 37

Processing task: 37
LLM: Qwen/Qwen2.5-Coder-14B-Instruct
Passed
Test run for task: 38

Processing task: 38
LLM: Qwen/Qwen2.5-Coder-14B-Instruct
Execution fail attempt no:  1
Remediation message:  Traceback (most recent call last):
  File "/Users/madnanrizqu/Code/Research/learn/thesis/languages/python/human_eval_qwen25coder14b_1758383573659924/llm_output_test.py", line 14, in <module>
    check(encode_cyclic)
  File "/Users/madnanrizqu/Code/Research/learn/thesis/languages/python/human_eval_qwen25coder14b_1758383573659924/llm_output_test.py", line 11, in check
    assert candidate(encoded_str) == str
           ^^^^^^^^^^^^^^^^^^^^^^^^^^^^^
AssertionError

Fail

Solving row id 38...
Calling model Qwen/Qwen2.5-Coder-14B-Instruct...
Using parameters: temperature: 0, seed: 1000
Timeout: 150 seconds
Success! API Response time: 12.96 seconds
Error formatting solution attempt no: 2
Remediation message:  Warning: Code markers not found in code block

Solving row id 38...
Calling model Qwen/Qwen2.5-Coder-14B-Instruct...
Using parameters: temperature: 0, seed: 1000
Timeout: 150 seconds
Success! API Response time: 7.01 seconds
Test run for task: 38

Processing task: 38
LLM: Qwen/Qwen2.5-Coder-14B-Instruct
Execution fail attempt no:  3
Remediation message:  Traceback (most recent call last):
  File "/Users/madnanrizqu/Code/Research/learn/thesis/languages/python/human_eval_qwen25coder14b_1758383573659924/llm_output_test.py", line 14, in <module>
    check(encode_cyclic)
  File "/Users/madnanrizqu/Code/Research/learn/thesis/languages/python/human_eval_qwen25coder14b_1758383573659924/llm_output_test.py", line 11, in check
    assert candidate(encoded_str) == str
           ^^^^^^^^^^^^^^^^^^^^^^^^^^^^^
AssertionError

Fail

Solving row id 38...
Calling model Qwen/Qwen2.5-Coder-14B-Instruct...
Using parameters: temperature: 0, seed: 1000
Timeout: 150 seconds
Success! API Response time: 6.22 seconds
Error formatting solution attempt no: 4
Remediation message:  Warning: Code markers not found in code block

Solving row id 38...
Calling model Qwen/Qwen2.5-Coder-14B-Instruct...
Using parameters: temperature: 0, seed: 1000
Timeout: 150 seconds
Success! API Response time: 6.22 seconds
Error formatting solution attempt no: 5
Remediation message:  Warning: Code markers not found in code block
Test run for task: 39

Processing task: 39
LLM: Qwen/Qwen2.5-Coder-14B-Instruct
Passed
Test run for task: 40

Processing task: 40
LLM: Qwen/Qwen2.5-Coder-14B-Instruct
Passed
Test run for task: 41

Processing task: 41
LLM: Qwen/Qwen2.5-Coder-14B-Instruct
Passed
Test run for task: 42

Processing task: 42
LLM: Qwen/Qwen2.5-Coder-14B-Instruct
Passed
Test run for task: 43

Processing task: 43
LLM: Qwen/Qwen2.5-Coder-14B-Instruct
Passed
Test run for task: 44

Processing task: 44
LLM: Qwen/Qwen2.5-Coder-14B-Instruct
Passed
Test run for task: 45

Processing task: 45
LLM: Qwen/Qwen2.5-Coder-14B-Instruct
Passed
Test run for task: 46

Processing task: 46
LLM: Qwen/Qwen2.5-Coder-14B-Instruct
Passed
Test run for task: 47

Processing task: 47
LLM: Qwen/Qwen2.5-Coder-14B-Instruct
Passed
Test run for task: 48

Processing task: 48
LLM: Qwen/Qwen2.5-Coder-14B-Instruct
Passed
Test run for task: 49

Processing task: 49
LLM: Qwen/Qwen2.5-Coder-14B-Instruct
Passed
Test run for task: 50

Processing task: 50
LLM: Qwen/Qwen2.5-Coder-14B-Instruct
Execution fail attempt no:  1
Remediation message:  Traceback (most recent call last):
  File "/Users/madnanrizqu/Code/Research/learn/thesis/languages/python/human_eval_qwen25coder14b_1758383573659924/llm_output_test.py", line 15, in <module>
    check(encode_shift)
  File "/Users/madnanrizqu/Code/Research/learn/thesis/languages/python/human_eval_qwen25coder14b_1758383573659924/llm_output_test.py", line 12, in check
    assert candidate(copy.deepcopy(encoded_str)) == str
           ^^^^^^^^^^^^^^^^^^^^^^^^^^^^^^^^^^^^^^^^^^^^
AssertionError

Fail

Solving row id 50...
Calling model Qwen/Qwen2.5-Coder-14B-Instruct...
Using parameters: temperature: 0, seed: 1000
Timeout: 150 seconds
Success! API Response time: 13.25 seconds
Error formatting solution attempt no: 2
Remediation message:  Warning: Code markers not found in code block

Solving row id 50...
Calling model Qwen/Qwen2.5-Coder-14B-Instruct...
Using parameters: temperature: 0, seed: 1000
Timeout: 150 seconds
Success! API Response time: 8.63 seconds
Test run for task: 50

Processing task: 50
LLM: Qwen/Qwen2.5-Coder-14B-Instruct
Execution fail attempt no:  3
Remediation message:  Traceback (most recent call last):
  File "/Users/madnanrizqu/Code/Research/learn/thesis/languages/python/human_eval_qwen25coder14b_1758383573659924/llm_output_test.py", line 15, in <module>
    check(encode_shift)
  File "/Users/madnanrizqu/Code/Research/learn/thesis/languages/python/human_eval_qwen25coder14b_1758383573659924/llm_output_test.py", line 12, in check
    assert candidate(copy.deepcopy(encoded_str)) == str
           ^^^^^^^^^^^^^^^^^^^^^^^^^^^^^^^^^^^^^^^^^^^^
AssertionError

Fail

Solving row id 50...
Calling model Qwen/Qwen2.5-Coder-14B-Instruct...
Using parameters: temperature: 0, seed: 1000
Timeout: 150 seconds
Success! API Response time: 8.44 seconds
Error formatting solution attempt no: 4
Remediation message:  Warning: Code markers not found in code block

Solving row id 50...
Calling model Qwen/Qwen2.5-Coder-14B-Instruct...
Using parameters: temperature: 0, seed: 1000
Timeout: 150 seconds
Success! API Response time: 8.48 seconds
Error formatting solution attempt no: 5
Remediation message:  Warning: Code markers not found in code block
Test run for task: 51

Processing task: 51
LLM: Qwen/Qwen2.5-Coder-14B-Instruct
Passed
Test run for task: 52

Processing task: 52
LLM: Qwen/Qwen2.5-Coder-14B-Instruct
Passed
Test run for task: 53

Processing task: 53
LLM: Qwen/Qwen2.5-Coder-14B-Instruct
Passed
Test run for task: 54

Processing task: 54
LLM: Qwen/Qwen2.5-Coder-14B-Instruct
Execution fail attempt no:  1
Remediation message:  Traceback (most recent call last):
  File "/Users/madnanrizqu/Code/Research/learn/thesis/languages/python/human_eval_qwen25coder14b_1758383573659924/llm_output_test.py", line 13, in <module>
    check(same_chars)
  File "/Users/madnanrizqu/Code/Research/learn/thesis/languages/python/human_eval_qwen25coder14b_1758383573659924/llm_output_test.py", line 4, in check
    assert candidate('eabcdzzzz', 'dddzzzzzzzddeddabc') == True
           ^^^^^^^^^^^^^^^^^^^^^^^^^^^^^^^^^^^^^^^^^^^^^^^^^^^^
AssertionError

Fail

Solving row id 54...
Calling model Qwen/Qwen2.5-Coder-14B-Instruct...
Using parameters: temperature: 0, seed: 1000
Timeout: 150 seconds
Success! API Response time: 1.97 seconds
Error formatting solution attempt no: 2
Remediation message:  Warning: Code markers not found in code block

Solving row id 54...
Calling model Qwen/Qwen2.5-Coder-14B-Instruct...
Using parameters: temperature: 0, seed: 1000
Timeout: 150 seconds
Success! API Response time: 1.77 seconds
Test run for task: 54

Processing task: 54
LLM: Qwen/Qwen2.5-Coder-14B-Instruct
Execution fail attempt no:  3
Remediation message:  Traceback (most recent call last):
  File "/Users/madnanrizqu/Code/Research/learn/thesis/languages/python/human_eval_qwen25coder14b_1758383573659924/llm_output_test.py", line 13, in <module>
    check(same_chars)
  File "/Users/madnanrizqu/Code/Research/learn/thesis/languages/python/human_eval_qwen25coder14b_1758383573659924/llm_output_test.py", line 4, in check
    assert candidate('eabcdzzzz', 'dddzzzzzzzddeddabc') == True
           ^^^^^^^^^^^^^^^^^^^^^^^^^^^^^^^^^^^^^^^^^^^^^^^^^^^^
AssertionError

Fail

Solving row id 54...
Calling model Qwen/Qwen2.5-Coder-14B-Instruct...
Using parameters: temperature: 0, seed: 1000
Timeout: 150 seconds
Success! API Response time: 1.61 seconds
Error formatting solution attempt no: 4
Remediation message:  Warning: Code markers not found in code block

Solving row id 54...
Calling model Qwen/Qwen2.5-Coder-14B-Instruct...
Using parameters: temperature: 0, seed: 1000
Timeout: 150 seconds
Success! API Response time: 1.52 seconds
Error formatting solution attempt no: 5
Remediation message:  Warning: Code markers not found in code block
Test run for task: 55

Processing task: 55
LLM: Qwen/Qwen2.5-Coder-14B-Instruct
Passed
Test run for task: 56

Processing task: 56
LLM: Qwen/Qwen2.5-Coder-14B-Instruct
Passed
Test run for task: 57

Processing task: 57
LLM: Qwen/Qwen2.5-Coder-14B-Instruct
Passed
Test run for task: 58

Processing task: 58
LLM: Qwen/Qwen2.5-Coder-14B-Instruct
Passed
Test run for task: 59

Processing task: 59
LLM: Qwen/Qwen2.5-Coder-14B-Instruct
Passed
Test run for task: 60

Processing task: 60
LLM: Qwen/Qwen2.5-Coder-14B-Instruct
Passed
Test run for task: 61

Processing task: 61
LLM: Qwen/Qwen2.5-Coder-14B-Instruct
Passed
Test run for task: 62

Processing task: 62
LLM: Qwen/Qwen2.5-Coder-14B-Instruct
Passed
Test run for task: 63

Processing task: 63
LLM: Qwen/Qwen2.5-Coder-14B-Instruct
Passed
Test run for task: 64

Processing task: 64
LLM: Qwen/Qwen2.5-Coder-14B-Instruct
Passed
Test run for task: 65

Processing task: 65
LLM: Qwen/Qwen2.5-Coder-14B-Instruct
Execution fail attempt no:  1
Remediation message:  Traceback (most recent call last):
  File "/Users/madnanrizqu/Code/Research/learn/thesis/languages/python/human_eval_qwen25coder14b_1758383573659924/llm_output_test.py", line 15, in <module>
    check(circular_shift)
  File "/Users/madnanrizqu/Code/Research/learn/thesis/languages/python/human_eval_qwen25coder14b_1758383573659924/llm_output_test.py", line 7, in check
    assert candidate(12, 2) == "12"
           ^^^^^^^^^^^^^^^^^^^^^^^^
AssertionError

Fail

Solving row id 65...
Calling model Qwen/Qwen2.5-Coder-14B-Instruct...
Using parameters: temperature: 0, seed: 1000
Timeout: 150 seconds
Success! API Response time: 3.20 seconds
Error formatting solution attempt no: 2
Remediation message:  Warning: Code markers not found in code block

Solving row id 65...
Calling model Qwen/Qwen2.5-Coder-14B-Instruct...
Using parameters: temperature: 0, seed: 1000
Timeout: 150 seconds
Success! API Response time: 2.86 seconds
Test run for task: 65

Processing task: 65
LLM: Qwen/Qwen2.5-Coder-14B-Instruct
Execution fail attempt no:  3
Remediation message:  Traceback (most recent call last):
  File "/Users/madnanrizqu/Code/Research/learn/thesis/languages/python/human_eval_qwen25coder14b_1758383573659924/llm_output_test.py", line 15, in <module>
    check(circular_shift)
  File "/Users/madnanrizqu/Code/Research/learn/thesis/languages/python/human_eval_qwen25coder14b_1758383573659924/llm_output_test.py", line 7, in check
    assert candidate(12, 2) == "12"
           ^^^^^^^^^^^^^^^^^^^^^^^^
AssertionError

Fail

Solving row id 65...
Calling model Qwen/Qwen2.5-Coder-14B-Instruct...
Using parameters: temperature: 0, seed: 1000
Timeout: 150 seconds
Success! API Response time: 2.63 seconds
Error formatting solution attempt no: 4
Remediation message:  Warning: Code markers not found in code block

Solving row id 65...
Calling model Qwen/Qwen2.5-Coder-14B-Instruct...
Using parameters: temperature: 0, seed: 1000
Timeout: 150 seconds
Success! API Response time: 2.65 seconds
Error formatting solution attempt no: 5
Remediation message:  Warning: Code markers not found in code block
Test run for task: 66

Processing task: 66
LLM: Qwen/Qwen2.5-Coder-14B-Instruct
Passed
Test run for task: 67

Processing task: 67
LLM: Qwen/Qwen2.5-Coder-14B-Instruct
Passed
Test run for task: 68

Processing task: 68
LLM: Qwen/Qwen2.5-Coder-14B-Instruct
Execution fail attempt no:  1
Remediation message:  Traceback (most recent call last):
  File "/Users/madnanrizqu/Code/Research/learn/thesis/languages/python/human_eval_qwen25coder14b_1758383573659924/llm_output_test.py", line 20, in <module>
    check(pluck)
  File "/Users/madnanrizqu/Code/Research/learn/thesis/languages/python/human_eval_qwen25coder14b_1758383573659924/llm_output_test.py", line 7, in check
    assert candidate([4,2,3]) == [2, 1], "Error"
           ^^^^^^^^^^^^^^^^^^^^^^^^^^^^
AssertionError: Error

Fail

Solving row id 68...
Calling model Qwen/Qwen2.5-Coder-14B-Instruct...
Using parameters: temperature: 0, seed: 1000
Timeout: 150 seconds
Success! API Response time: 3.89 seconds
Error formatting solution attempt no: 2
Remediation message:  Warning: Code markers not found in code block

Solving row id 68...
Calling model Qwen/Qwen2.5-Coder-14B-Instruct...
Using parameters: temperature: 0, seed: 1000
Timeout: 150 seconds
Success! API Response time: 4.04 seconds
Test run for task: 68

Processing task: 68
LLM: Qwen/Qwen2.5-Coder-14B-Instruct
Execution fail attempt no:  3
Remediation message:  Traceback (most recent call last):
  File "/Users/madnanrizqu/Code/Research/learn/thesis/languages/python/human_eval_qwen25coder14b_1758383573659924/llm_output_test.py", line 20, in <module>
    check(pluck)
  File "/Users/madnanrizqu/Code/Research/learn/thesis/languages/python/human_eval_qwen25coder14b_1758383573659924/llm_output_test.py", line 7, in check
    assert candidate([4,2,3]) == [2, 1], "Error"
           ^^^^^^^^^^^^^^^^^^^^^^^^^^^^
AssertionError: Error

Fail

Solving row id 68...
Calling model Qwen/Qwen2.5-Coder-14B-Instruct...
Using parameters: temperature: 0, seed: 1000
Timeout: 150 seconds
Success! API Response time: 3.83 seconds
Error formatting solution attempt no: 4
Remediation message:  Warning: Code markers not found in code block

Solving row id 68...
Calling model Qwen/Qwen2.5-Coder-14B-Instruct...
Using parameters: temperature: 0, seed: 1000
Timeout: 150 seconds
Success! API Response time: 3.80 seconds
Error formatting solution attempt no: 5
Remediation message:  Warning: Code markers not found in code block
Test run for task: 69

Processing task: 69
LLM: Qwen/Qwen2.5-Coder-14B-Instruct
Execution fail attempt no:  1
Remediation message:  Traceback (most recent call last):
  File "/Users/madnanrizqu/Code/Research/learn/thesis/languages/python/human_eval_qwen25coder14b_1758383573659924/llm_output_test.py", line 35, in <module>
    check(search)
  File "/Users/madnanrizqu/Code/Research/learn/thesis/languages/python/human_eval_qwen25coder14b_1758383573659924/llm_output_test.py", line 6, in check
    assert candidate([5, 5, 5, 5, 1]) == 1
           ^^^^^^^^^^^^^^^^^^^^^^^^^^^^^^^
AssertionError

Fail

Solving row id 69...
Calling model Qwen/Qwen2.5-Coder-14B-Instruct...
Using parameters: temperature: 0, seed: 1000
Timeout: 150 seconds
Success! API Response time: 1.17 seconds
Error formatting solution attempt no: 2
Remediation message:  Warning: Code markers not found in code block

Solving row id 69...
Calling model Qwen/Qwen2.5-Coder-14B-Instruct...
Using parameters: temperature: 0, seed: 1000
Timeout: 150 seconds
Success! API Response time: 0.92 seconds
Error formatting solution attempt no: 3
Remediation message:  Warning: Code markers not found in code block

Solving row id 69...
Calling model Qwen/Qwen2.5-Coder-14B-Instruct...
Using parameters: temperature: 0, seed: 1000
Timeout: 150 seconds
Success! API Response time: 0.91 seconds
Error formatting solution attempt no: 4
Remediation message:  Warning: Code markers not found in code block

Solving row id 69...
Calling model Qwen/Qwen2.5-Coder-14B-Instruct...
Using parameters: temperature: 0, seed: 1000
Timeout: 150 seconds
Success! API Response time: 0.94 seconds
Error formatting solution attempt no: 5
Remediation message:  Warning: Code markers not found in code block
Test run for task: 70

Processing task: 70
LLM: Qwen/Qwen2.5-Coder-14B-Instruct
Execution fail attempt no:  1
Remediation message:  Traceback (most recent call last):
  File "/Users/madnanrizqu/Code/Research/learn/thesis/languages/python/human_eval_qwen25coder14b_1758383573659924/llm_output_test.py", line 20, in <module>
    check(strange_sort_list)
  File "/Users/madnanrizqu/Code/Research/learn/thesis/languages/python/human_eval_qwen25coder14b_1758383573659924/llm_output_test.py", line 6, in check
    assert candidate([1, 2, 3, 4]) == [1, 4, 2, 3]
           ^^^^^^^^^^^^^^^^^^^^^^^^^^^^^^^^^^^^^^^
AssertionError

Fail

Solving row id 70...
Calling model Qwen/Qwen2.5-Coder-14B-Instruct...
Using parameters: temperature: 0, seed: 1000
Timeout: 150 seconds
Success! API Response time: 1.20 seconds
Error formatting solution attempt no: 2
Remediation message:  Warning: Code markers not found in code block

Solving row id 70...
Calling model Qwen/Qwen2.5-Coder-14B-Instruct...
Using parameters: temperature: 0, seed: 1000
Timeout: 150 seconds
Success! API Response time: 1.39 seconds
Test run for task: 70

Processing task: 70
LLM: Qwen/Qwen2.5-Coder-14B-Instruct
Execution fail attempt no:  3
Remediation message:  Traceback (most recent call last):
  File "/Users/madnanrizqu/Code/Research/learn/thesis/languages/python/human_eval_qwen25coder14b_1758383573659924/llm_output_test.py", line 20, in <module>
    check(strange_sort_list)
  File "/Users/madnanrizqu/Code/Research/learn/thesis/languages/python/human_eval_qwen25coder14b_1758383573659924/llm_output_test.py", line 6, in check
    assert candidate([1, 2, 3, 4]) == [1, 4, 2, 3]
           ^^^^^^^^^^^^^^^^^^^^^^^^^^^^^^^^^^^^^^^
AssertionError

Fail

Solving row id 70...
Calling model Qwen/Qwen2.5-Coder-14B-Instruct...
Using parameters: temperature: 0, seed: 1000
Timeout: 150 seconds
Success! API Response time: 1.40 seconds
Error formatting solution attempt no: 4
Remediation message:  Warning: Code markers not found in code block

Solving row id 70...
Calling model Qwen/Qwen2.5-Coder-14B-Instruct...
Using parameters: temperature: 0, seed: 1000
Timeout: 150 seconds
Success! API Response time: 1.14 seconds
Error formatting solution attempt no: 5
Remediation message:  Warning: Code markers not found in code block
Test run for task: 71

Processing task: 71
LLM: Qwen/Qwen2.5-Coder-14B-Instruct
Execution fail attempt no:  1
Remediation message:  Traceback (most recent call last):
  File "/Users/madnanrizqu/Code/Research/learn/thesis/languages/python/human_eval_qwen25coder14b_1758383573659924/llm_output_test.py", line 19, in <module>
    check(triangle_area)
  File "/Users/madnanrizqu/Code/Research/learn/thesis/languages/python/human_eval_qwen25coder14b_1758383573659924/llm_output_test.py", line 7, in check
    assert candidate(1, 2, 10) == -1
           ^^^^^^^^^^^^^^^^^^^
  File "/Users/madnanrizqu/Code/Research/learn/thesis/languages/python/human_eval_qwen25coder14b_1758383573659924/llm_output.py", line 8, in triangle_area
    area = math.sqrt(s * (s - a) * (s - b) * (s - c))
           ^^^^^^^^^^^^^^^^^^^^^^^^^^^^^^^^^^^^^^^^^^
ValueError: math domain error

Error

Solving row id 71...
Calling model Qwen/Qwen2.5-Coder-14B-Instruct...
Using parameters: temperature: 0, seed: 1000
Timeout: 150 seconds
Success! API Response time: 5.16 seconds
Error formatting solution attempt no: 2
Remediation message:  Warning: Code markers not found in code block

Solving row id 71...
Calling model Qwen/Qwen2.5-Coder-14B-Instruct...
Using parameters: temperature: 0, seed: 1000
Timeout: 150 seconds
Success! API Response time: 3.52 seconds
Test run for task: 71

Processing task: 71
LLM: Qwen/Qwen2.5-Coder-14B-Instruct
Execution fail attempt no:  3
Remediation message:  Traceback (most recent call last):
  File "/Users/madnanrizqu/Code/Research/learn/thesis/languages/python/human_eval_qwen25coder14b_1758383573659924/llm_output_test.py", line 19, in <module>
    check(triangle_area)
  File "/Users/madnanrizqu/Code/Research/learn/thesis/languages/python/human_eval_qwen25coder14b_1758383573659924/llm_output_test.py", line 7, in check
    assert candidate(1, 2, 10) == -1
           ^^^^^^^^^^^^^^^^^^^
  File "/Users/madnanrizqu/Code/Research/learn/thesis/languages/python/human_eval_qwen25coder14b_1758383573659924/llm_output.py", line 8, in triangle_area
    area = math.sqrt(s * (s - a) * (s - b) * (s - c))
           ^^^^^^^^^^^^^^^^^^^^^^^^^^^^^^^^^^^^^^^^^^
ValueError: math domain error

Error

Solving row id 71...
Calling model Qwen/Qwen2.5-Coder-14B-Instruct...
Using parameters: temperature: 0, seed: 1000
Timeout: 150 seconds
Success! API Response time: 4.68 seconds
Error formatting solution attempt no: 4
Remediation message:  Warning: Code markers not found in code block

Solving row id 71...
Calling model Qwen/Qwen2.5-Coder-14B-Instruct...
Using parameters: temperature: 0, seed: 1000
Timeout: 150 seconds
Success! API Response time: 3.21 seconds
Error formatting solution attempt no: 5
Remediation message:  Warning: Code markers not found in code block
Test run for task: 72

Processing task: 72
LLM: Qwen/Qwen2.5-Coder-14B-Instruct
Execution fail attempt no:  1
Remediation message:  Traceback (most recent call last):
  File "/Users/madnanrizqu/Code/Research/learn/thesis/languages/python/human_eval_qwen25coder14b_1758383573659924/llm_output_test.py", line 17, in <module>
    check(will_it_fly)
  File "/Users/madnanrizqu/Code/Research/learn/thesis/languages/python/human_eval_qwen25coder14b_1758383573659924/llm_output_test.py", line 6, in check
    assert candidate([3, 2, 3], 9) is True
           ^^^^^^^^^^^^^^^^^^^^^^^
  File "/Users/madnanrizqu/Code/Research/learn/thesis/languages/python/human_eval_qwen25coder14b_1758383573659924/llm_output.py", line 2, in will_it_fly
    return q + w > 10
           ~~^~~
TypeError: can only concatenate list (not "int") to list

Error

Solving row id 72...
Calling model Qwen/Qwen2.5-Coder-14B-Instruct...
Using parameters: temperature: 0, seed: 1000
Timeout: 150 seconds
Success! API Response time: 1.79 seconds
Test run for task: 72

Processing task: 72
LLM: Qwen/Qwen2.5-Coder-14B-Instruct
Execution fail attempt no:  2
Remediation message:  Traceback (most recent call last):
  File "/Users/madnanrizqu/Code/Research/learn/thesis/languages/python/human_eval_qwen25coder14b_1758383573659924/llm_output_test.py", line 17, in <module>
    check(will_it_fly)
  File "/Users/madnanrizqu/Code/Research/learn/thesis/languages/python/human_eval_qwen25coder14b_1758383573659924/llm_output_test.py", line 8, in check
    assert candidate([3], 5) is True
           ^^^^^^^^^^^^^^^^^^^^^^^^^
AssertionError

Fail

Solving row id 72...
Calling model Qwen/Qwen2.5-Coder-14B-Instruct...
Using parameters: temperature: 0, seed: 1000
Timeout: 150 seconds
Success! API Response time: 1.04 seconds
Error formatting solution attempt no: 3
Remediation message:  Warning: Code markers not found in code block

Solving row id 72...
Calling model Qwen/Qwen2.5-Coder-14B-Instruct...
Using parameters: temperature: 0, seed: 1000
Timeout: 150 seconds
Success! API Response time: 1.31 seconds
Test run for task: 72

Processing task: 72
LLM: Qwen/Qwen2.5-Coder-14B-Instruct
Execution fail attempt no:  4
Remediation message:  Traceback (most recent call last):
  File "/Users/madnanrizqu/Code/Research/learn/thesis/languages/python/human_eval_qwen25coder14b_1758383573659924/llm_output_test.py", line 17, in <module>
    check(will_it_fly)
  File "/Users/madnanrizqu/Code/Research/learn/thesis/languages/python/human_eval_qwen25coder14b_1758383573659924/llm_output_test.py", line 8, in check
    assert candidate([3], 5) is True
           ^^^^^^^^^^^^^^^^^^^^^^^^^
AssertionError

Fail

Solving row id 72...
Calling model Qwen/Qwen2.5-Coder-14B-Instruct...
Using parameters: temperature: 0, seed: 1000
Timeout: 150 seconds
Success! API Response time: 1.04 seconds
Error formatting solution attempt no: 5
Remediation message:  Warning: Code markers not found in code block
Test run for task: 73

Processing task: 73
LLM: Qwen/Qwen2.5-Coder-14B-Instruct
Passed
Test run for task: 74

Processing task: 74
LLM: Qwen/Qwen2.5-Coder-14B-Instruct
Execution fail attempt no:  1
Remediation message:  Traceback (most recent call last):
  File "/Users/madnanrizqu/Code/Research/learn/thesis/languages/python/human_eval_qwen25coder14b_1758383573659924/llm_output_test.py", line 22, in <module>
    check(total_match)
  File "/Users/madnanrizqu/Code/Research/learn/thesis/languages/python/human_eval_qwen25coder14b_1758383573659924/llm_output_test.py", line 7, in check
    assert candidate([], []) == []
           ^^^^^^^^^^^^^^^^^^^^^^^
AssertionError

Fail

Solving row id 74...
Calling model Qwen/Qwen2.5-Coder-14B-Instruct...
Using parameters: temperature: 0, seed: 1000
Timeout: 150 seconds
Success! API Response time: 1.34 seconds
Error formatting solution attempt no: 2
Remediation message:  Warning: Code markers not found in code block

Solving row id 74...
Calling model Qwen/Qwen2.5-Coder-14B-Instruct...
Using parameters: temperature: 0, seed: 1000
Timeout: 150 seconds
Success! API Response time: 1.72 seconds
Test run for task: 74

Processing task: 74
LLM: Qwen/Qwen2.5-Coder-14B-Instruct
Execution fail attempt no:  3
Remediation message:  Traceback (most recent call last):
  File "/Users/madnanrizqu/Code/Research/learn/thesis/languages/python/human_eval_qwen25coder14b_1758383573659924/llm_output_test.py", line 22, in <module>
    check(total_match)
  File "/Users/madnanrizqu/Code/Research/learn/thesis/languages/python/human_eval_qwen25coder14b_1758383573659924/llm_output_test.py", line 7, in check
    assert candidate([], []) == []
           ^^^^^^^^^^^^^^^^^^^^^^^
AssertionError

Fail

Solving row id 74...
Calling model Qwen/Qwen2.5-Coder-14B-Instruct...
Using parameters: temperature: 0, seed: 1000
Timeout: 150 seconds
Success! API Response time: 1.50 seconds
Error formatting solution attempt no: 4
Remediation message:  Warning: Code markers not found in code block

Solving row id 74...
Calling model Qwen/Qwen2.5-Coder-14B-Instruct...
Using parameters: temperature: 0, seed: 1000
Timeout: 150 seconds
Success! API Response time: 1.48 seconds
Error formatting solution attempt no: 5
Remediation message:  Warning: Code markers not found in code block
Test run for task: 75

Processing task: 75
LLM: Qwen/Qwen2.5-Coder-14B-Instruct
Execution fail attempt no:  1
Remediation message:  Traceback (most recent call last):
  File "/Users/madnanrizqu/Code/Research/learn/thesis/languages/python/human_eval_qwen25coder14b_1758383573659924/llm_output_test.py", line 17, in <module>
    check(is_multiply_prime)
  File "/Users/madnanrizqu/Code/Research/learn/thesis/languages/python/human_eval_qwen25coder14b_1758383573659924/llm_output_test.py", line 7, in check
    assert candidate(8) == True
           ^^^^^^^^^^^^^^^^^^^^
AssertionError

Fail

Solving row id 75...
Calling model Qwen/Qwen2.5-Coder-14B-Instruct...
Using parameters: temperature: 0, seed: 1000
Timeout: 150 seconds
Cleaned up temp directory: /Users/madnanrizqu/Code/Research/learn/thesis/languages/python/human_eval_qwen25coder14b_1758383573659924


--- STDERR from failure ---
Traceback (most recent call last):
  File "/Users/madnanrizqu/Code/Research/learn/thesis/rq2/human_eval_qwen25coder14b/test_solution.py", line 38, in <module>
    runner.run()
  File "/Users/madnanrizqu/Code/Research/learn/thesis/test_runner_module/main.py", line 657, in run
    self._process_solution(entry, idx)
  File "/Users/madnanrizqu/Code/Research/learn/thesis/test_runner_module/main.py", line 402, in _process_solution
    results, _ = llm_module.get_solution_with_existing_messages(
                 ^^^^^^^^^^^^^^^^^^^^^^^^^^^^^^^^^^^^^^^^^^^^^^^
  File "/Users/madnanrizqu/Code/Research/learn/thesis/llm_module/main.py", line 233, in get_solution_with_existing_messages
    response_msg, timestamp, elapsed_seconds = self.__call_model(
                                               ^^^^^^^^^^^^^^^^^^
  File "/Users/madnanrizqu/Code/Research/learn/thesis/llm_module/main.py", line 104, in __call_model
    response = model["client"].chat.completions.create(**api_params)
               ^^^^^^^^^^^^^^^^^^^^^^^^^^^^^^^^^^^^^^^^^^^^^^^^^^^^^
  File "/opt/homebrew/anaconda3/envs/tdd_llm/lib/python3.11/site-packages/openai/_utils/_utils.py", line 287, in wrapper
    return func(*args, **kwargs)
           ^^^^^^^^^^^^^^^^^^^^^
  File "/opt/homebrew/anaconda3/envs/tdd_llm/lib/python3.11/site-packages/openai/resources/chat/completions/completions.py", line 1087, in create
    return self._post(
           ^^^^^^^^^^^
  File "/opt/homebrew/anaconda3/envs/tdd_llm/lib/python3.11/site-packages/openai/_base_client.py", line 1249, in post
    return cast(ResponseT, self.request(cast_to, opts, stream=stream, stream_cls=stream_cls))
                           ^^^^^^^^^^^^^^^^^^^^^^^^^^^^^^^^^^^^^^^^^^^^^^^^^^^^^^^^^^^^^^^^^
  File "/opt/homebrew/anaconda3/envs/tdd_llm/lib/python3.11/site-packages/openai/_base_client.py", line 972, in request
    response = self._client.send(
               ^^^^^^^^^^^^^^^^^^
  File "/opt/homebrew/anaconda3/envs/tdd_llm/lib/python3.11/site-packages/httpx/_client.py", line 914, in send
    response = self._send_handling_auth(
               ^^^^^^^^^^^^^^^^^^^^^^^^^
  File "/opt/homebrew/anaconda3/envs/tdd_llm/lib/python3.11/site-packages/httpx/_client.py", line 942, in _send_handling_auth
    response = self._send_handling_redirects(
               ^^^^^^^^^^^^^^^^^^^^^^^^^^^^^^
  File "/opt/homebrew/anaconda3/envs/tdd_llm/lib/python3.11/site-packages/httpx/_client.py", line 979, in _send_handling_redirects
    response = self._send_single_request(request)
               ^^^^^^^^^^^^^^^^^^^^^^^^^^^^^^^^^^
  File "/opt/homebrew/anaconda3/envs/tdd_llm/lib/python3.11/site-packages/httpx/_client.py", line 1014, in _send_single_request
    response = transport.handle_request(request)
               ^^^^^^^^^^^^^^^^^^^^^^^^^^^^^^^^^
  File "/opt/homebrew/anaconda3/envs/tdd_llm/lib/python3.11/site-packages/httpx/_transports/default.py", line 250, in handle_request
    resp = self._pool.handle_request(req)
           ^^^^^^^^^^^^^^^^^^^^^^^^^^^^^^
  File "/opt/homebrew/anaconda3/envs/tdd_llm/lib/python3.11/site-packages/httpcore/_sync/connection_pool.py", line 256, in handle_request
    raise exc from None
  File "/opt/homebrew/anaconda3/envs/tdd_llm/lib/python3.11/site-packages/httpcore/_sync/connection_pool.py", line 236, in handle_request
    response = connection.handle_request(
               ^^^^^^^^^^^^^^^^^^^^^^^^^^
  File "/opt/homebrew/anaconda3/envs/tdd_llm/lib/python3.11/site-packages/httpcore/_sync/connection.py", line 103, in handle_request
    return self._connection.handle_request(request)
           ^^^^^^^^^^^^^^^^^^^^^^^^^^^^^^^^^^^^^^^^
  File "/opt/homebrew/anaconda3/envs/tdd_llm/lib/python3.11/site-packages/httpcore/_sync/http11.py", line 136, in handle_request
    raise exc
  File "/opt/homebrew/anaconda3/envs/tdd_llm/lib/python3.11/site-packages/httpcore/_sync/http11.py", line 106, in handle_request
    ) = self._receive_response_headers(**kwargs)
        ^^^^^^^^^^^^^^^^^^^^^^^^^^^^^^^^^^^^^^^^
  File "/opt/homebrew/anaconda3/envs/tdd_llm/lib/python3.11/site-packages/httpcore/_sync/http11.py", line 177, in _receive_response_headers
    event = self._receive_event(timeout=timeout)
            ^^^^^^^^^^^^^^^^^^^^^^^^^^^^^^^^^^^^
  File "/opt/homebrew/anaconda3/envs/tdd_llm/lib/python3.11/site-packages/httpcore/_sync/http11.py", line 217, in _receive_event
    data = self._network_stream.read(
           ^^^^^^^^^^^^^^^^^^^^^^^^^^
  File "/opt/homebrew/anaconda3/envs/tdd_llm/lib/python3.11/site-packages/httpcore/_backends/sync.py", line 128, in read
    return self._sock.recv(max_bytes)
           ^^^^^^^^^^^^^^^^^^^^^^^^^^
  File "/opt/homebrew/anaconda3/envs/tdd_llm/lib/python3.11/ssl.py", line 1295, in recv
    return self.read(buflen)
           ^^^^^^^^^^^^^^^^^
  File "/opt/homebrew/anaconda3/envs/tdd_llm/lib/python3.11/ssl.py", line 1168, in read
    return self._sslobj.read(len)
           ^^^^^^^^^^^^^^^^^^^^^^
KeyboardInterrupt

Failed test_solution.py after 230.46 seconds
Completed human_eval_qwen25coder14b. Progress: 2/2 subdirectories completed (100.0%)
